<?xml version="1.0" encoding="UTF-8"?>
<!-- Generated by org.testng.reporters.JUnitReportReporter -->
<testsuite hostname="charanraj" failures="0" tests="3" name="tests.ContactUIValidationTests" time="12.030" errors="0" timestamp="2025-09-19T01:22:23 GMT-04:00" skipped="0">
  <testcase classname="tests.ContactUIValidationTests" name="testMaxCharacterLimit" time="4.099"/>
  <testcase classname="tests.ContactUIValidationTests" name="verifyUnicodeAndEmojisInAddressField" time="4.145"/>
  <testcase classname="tests.ContactUIValidationTests" name="verifyAlignmentOfFields" time="3.786"/>
</testsuite> <!-- tests.ContactUIValidationTests -->
