<?xml version="1.0" encoding="UTF-8"?>
<!-- Generated by org.testng.reporters.JUnitReportReporter -->
<testsuite hostname="charanraj" failures="0" tests="9" name="tests.AddEdidDeleteContactTests" time="44.729" errors="0" timestamp="2025-09-19T01:22:23 GMT-04:00" skipped="0">
  <testcase classname="tests.AddEdidDeleteContactTests" name="verifyAddingDuplicateContactDetails" time="5.158"/>
  <testcase classname="tests.AddEdidDeleteContactTests" name="verifyAddContact" time="5.044"/>
  <testcase classname="tests.AddEdidDeleteContactTests" name="verifyEditValidation" time="4.271"/>
  <testcase classname="tests.AddEdidDeleteContactTests" name="verifyOnlyNumericInputInPhoneField" time="4.451"/>
  <testcase classname="tests.AddEdidDeleteContactTests" name="verifyDeleteContact" time="6.148"/>
  <testcase classname="tests.AddEdidDeleteContactTests" name="verifyAddContactWithMissingRequiredFields" time="4.900"/>
  <testcase classname="tests.AddEdidDeleteContactTests" name="verifyEditContact" time="4.885"/>
  <testcase classname="tests.AddEdidDeleteContactTests" name="verifyCancellingEdit" time="4.959"/>
  <testcase classname="tests.AddEdidDeleteContactTests" name="verifyFormResetsAfterContactAdded" time="4.913"/>
</testsuite> <!-- tests.AddEdidDeleteContactTests -->
