<?xml version="1.0" encoding="UTF-8"?>
<!-- Generated by org.testng.reporters.JUnitReportReporter -->
<testsuite hostname="charanraj" failures="0" tests="4" name="tests.LoginTests" time="11.563" errors="0" timestamp="2025-09-19T01:22:23 GMT-04:00" skipped="0">
  <testcase classname="tests.LoginTests" name="verifyEmptyFields" time="2.683"/>
  <testcase classname="tests.LoginTests" name="verifyInvalidEmailFormat" time="2.931"/>
  <testcase classname="tests.LoginTests" name="verifyValidLogin" time="3.002"/>
  <testcase classname="tests.LoginTests" name="verifyInvalidPassword" time="2.947"/>
</testsuite> <!-- tests.LoginTests -->
