<?xml version="1.0" encoding="UTF-8"?>
<!-- Generated by org.testng.reporters.JUnitReportReporter -->
<testsuite hostname="charanraj" failures="0" tests="4" name="tests.SignUpTests" time="13.224" errors="0" timestamp="2025-09-19T01:22:23 GMT-04:00" skipped="0">
  <testcase classname="tests.SignUpTests" name="verifyEmptyFields" time="2.443"/>
  <testcase classname="tests.SignUpTests" name="verifyExistingEmail" time="3.527"/>
  <testcase classname="tests.SignUpTests" name="verifyInvalidEmailFormat" time="3.330"/>
  <testcase classname="tests.SignUpTests" name="verifyValidSignUp" time="3.924"/>
</testsuite> <!-- tests.SignUpTests -->
