<?xml version="1.0" encoding="UTF-8"?>
<!-- Generated by org.testng.reporters.JUnitReportReporter -->
<testsuite hostname="charanraj" failures="0" tests="3" name="tests.OrderTests" time="20.984" errors="0" timestamp="2025-09-24T10:26:02 GMT-04:00" skipped="0">
  <testcase classname="tests.OrderTests" name="placeOrderWithEmptyForm" time="6.783"/>
  <testcase classname="tests.OrderTests" name="verifyOrderConfirmationPopup" time="7.172"/>
  <testcase classname="tests.OrderTests" name="placeOrderWithValidDetails" time="7.029"/>
</testsuite> <!-- tests.OrderTests -->
