<?xml version="1.0" encoding="UTF-8"?>
<!-- Generated by org.testng.reporters.JUnitReportReporter -->
<testsuite hostname="charanraj" failures="0" tests="6" name="tests.LoginTests" time="22.973" errors="0" timestamp="2025-09-24T10:26:02 GMT-04:00" skipped="0">
  <testcase classname="tests.LoginTests" name="verifyLogout" time="4.793"/>
  <testcase classname="tests.LoginTests" name="loginWithIncorrectPassword" time="3.951"/>
  <testcase classname="tests.LoginTests" name="loginWithValidCredentials" time="4.090"/>
  <testcase classname="tests.LoginTests" name="PasswordFieldMasking" time="3.143"/>
  <testcase classname="tests.LoginTests" name="loginWithEmptyFields" time="3.378"/>
  <testcase classname="tests.LoginTests" name="loginWithInvalidEmailFormat" time="3.618"/>
</testsuite> <!-- tests.LoginTests -->
