<?xml version="1.0" encoding="UTF-8"?>
<!-- Generated by org.testng.reporters.JUnitReportReporter -->
<testsuite hostname="charanraj" failures="0" tests="3" name="tests.SignUpTests" time="13.785" errors="0" timestamp="2025-09-24T10:26:02 GMT-04:00" skipped="0">
  <testcase classname="tests.SignUpTests" name="signUpWithEmptyFields" time="3.621"/>
  <testcase classname="tests.SignUpTests" name="signUpWithUniqueCredentials" time="4.371"/>
  <testcase classname="tests.SignUpTests" name="signUpWithExistingUsername" time="5.793"/>
</testsuite> <!-- tests.SignUpTests -->
