<?xml version="1.0" encoding="UTF-8"?>
<!-- Generated by org.testng.reporters.JUnitReportReporter -->
<testsuite hostname="charanraj" failures="0" tests="4" name="tests.CompareandreviewTests" time="68.471" errors="0" timestamp="2025-09-30T00:52:58 GMT-04:00" skipped="0">
  <testcase classname="tests.CompareandreviewTests" name="addProductToComparelist" time="7.822"/>
  <testcase classname="tests.CompareandreviewTests" name="verifyLogOut" time="7.838"/>
  <testcase classname="tests.CompareandreviewTests" name="addReviewtoProduct" time="32.243"/>
  <testcase classname="tests.CompareandreviewTests" name="removeProductToComparelist" time="20.568"/>
</testsuite> <!-- tests.CompareandreviewTests -->
