<?xml version="1.0" encoding="UTF-8"?>
<!-- Generated by org.testng.reporters.JUnitReportReporter -->
<testsuite hostname="charanraj" failures="0" tests="4" name="tests.ProductNavigationTests" time="20.870" errors="0" timestamp="2025-09-30T00:52:58 GMT-04:00" skipped="0">
  <testcase classname="tests.ProductNavigationTests" name="verifyCategoryNavigation" time="4.824"/>
  <testcase classname="tests.ProductNavigationTests" name="verifyProductDetailsPage" time="5.926"/>
  <testcase classname="tests.ProductNavigationTests" name="verifySearchWithValidKeyword" time="5.002"/>
  <testcase classname="tests.ProductNavigationTests" name="verifySearchWithNoResults" time="5.118"/>
</testsuite> <!-- tests.ProductNavigationTests -->
