<?xml version="1.0" encoding="UTF-8"?>
<!-- Generated by org.testng.reporters.JUnitReportReporter -->
<testsuite hostname="charanraj" failures="0" tests="3" name="tests.CartTests" time="30.193" errors="0" timestamp="2025-09-30T00:52:58 GMT-04:00" skipped="0">
  <testcase classname="tests.CartTests" name="removeProductFromCart" time="9.600"/>
  <testcase classname="tests.CartTests" name="addProductToCart" time="12.200"/>
  <testcase classname="tests.CartTests" name="updateProductQuantityInCart" time="8.393"/>
</testsuite> <!-- tests.CartTests -->
