<?xml version="1.0" encoding="UTF-8"?>
<!-- Generated by org.testng.reporters.JUnitReportReporter -->
<testsuite hostname="charanraj" failures="0" tests="4" name="tests.RegisterTests" time="22.250" errors="0" timestamp="2025-09-30T00:52:58 GMT-04:00" skipped="0">
  <testcase classname="tests.RegisterTests" name="registrationWithMissingMandatoryFields" time="3.697"/>
  <testcase classname="tests.RegisterTests" name="registrationWithValidDetails" time="6.327"/>
  <testcase classname="tests.RegisterTests" name="registrationWithInvalidEmailFormat" time="5.087"/>
  <testcase classname="tests.RegisterTests" name="registrationWithExistingEmail" time="7.139"/>
</testsuite> <!-- tests.RegisterTests -->
