<?xml version="1.0" encoding="UTF-8"?>
<!-- Generated by org.testng.reporters.JUnitReportReporter -->
<testsuite hostname="charanraj" failures="0" tests="4" name="tests.SignUpTests" time="21.772" errors="0" timestamp="2025-09-28T22:10:42 GMT-04:00" skipped="0">
  <testcase classname="tests.SignUpTests" name="registrationWithInvalidEmailFormat" time="4.550"/>
  <testcase classname="tests.SignUpTests" name="registrationWithValidDetails" time="6.925"/>
  <testcase classname="tests.SignUpTests" name="registrationWithMissingMandatoryFields" time="4.689"/>
  <testcase classname="tests.SignUpTests" name="registrationWithExistingEmail" time="5.608"/>
</testsuite> <!-- tests.SignUpTests -->
