<?xml version="1.0" encoding="UTF-8"?>
<!-- Generated by org.testng.reporters.JUnitReportReporter -->
<testsuite hostname="charanraj" failures="0" tests="1" name="tests.OrderTests" time="15.601" errors="0" timestamp="2025-09-30T00:54:53 GMT-04:00" skipped="0">
  <testcase classname="tests.OrderTests" name="placeOrderWithMissingDetails" time="15.601"/>
</testsuite> <!-- tests.OrderTests -->
