<?xml version="1.0" encoding="UTF-8"?>
<!-- Generated by org.testng.reporters.JUnitReportReporter -->
<testsuite hostname="charanraj" failures="0" tests="4" name="tests.LoginTests" time="23.064" errors="0" timestamp="2025-09-30T00:52:58 GMT-04:00" skipped="0">
  <testcase classname="tests.LoginTests" name="rememberMeFunctionality" time="6.739"/>
  <testcase classname="tests.LoginTests" name="loginWithEmptyFields" time="5.342"/>
  <testcase classname="tests.LoginTests" name="loginWithValidCredentials" time="5.611"/>
  <testcase classname="tests.LoginTests" name="loginWithInvalidPassword" time="5.372"/>
</testsuite> <!-- tests.LoginTests -->
