<?xml version="1.0" encoding="UTF-8"?>
<!-- Generated by org.testng.reporters.JUnitReportReporter -->
<testsuite hostname="charanraj" failures="0" tests="1" name="tests.WishlistTests" time="11.643" errors="0" timestamp="2025-09-29T22:48:24 GMT-04:00" skipped="0">
  <testcase classname="tests.WishlistTests" name="LogOut" time="11.643"/>
</testsuite> <!-- tests.WishlistTests -->
