<?xml version="1.0" encoding="UTF-8"?>
<!-- Generated by org.testng.reporters.JUnitReportReporter -->
<testsuite hostname="charanraj" failures="0" tests="3" name="tests.UITests" time="23.938" errors="0" timestamp="2025-09-30T00:52:58 GMT-04:00" skipped="0">
  <testcase classname="tests.UITests" name="testFontConsistencyAcrossPages" time="4.106"/>
  <testcase classname="tests.UITests" name="testBackButtonAfterLogout" time="6.889"/>
  <testcase classname="tests.UITests" name="verifyActionLinksVisibility" time="12.943"/>
</testsuite> <!-- tests.UITests -->
